<?xml version="1.0" encoding="UTF-8"?>
<testng-results skipped="0" failed="1" total="6" passed="5">
  <reporter-output>
  </reporter-output>
  <suite name="Suite1" duration-ms="174416" started-at="2014-09-26T06:08:31Z" finished-at="2014-09-26T06:11:25Z">
    <groups>
    </groups>
    <test name="tests" duration-ms="121708" started-at="2014-09-26T06:08:31Z" finished-at="2014-09-26T06:10:33Z">
      <class name="test.footer">
        <test-method status="PASS" signature="f()[pri:0, instance:test.footer@10a3ffc]" name="f" duration-ms="121700" started-at="2014-09-26T11:38:31Z" finished-at="2014-09-26T11:40:33Z">
          <reporter-output>
          </reporter-output>
        </test-method> <!-- f -->
      </class> <!-- test.footer -->
    </test> <!-- tests -->
    <test name="tests1" duration-ms="12993" started-at="2014-09-26T06:10:33Z" finished-at="2014-09-26T06:10:46Z">
      <class name="test.giftcards">
        <test-method status="FAIL" signature="f()[pri:0, instance:test.giftcards@edc33d]" name="f" duration-ms="11457" started-at="2014-09-26T11:40:33Z" finished-at="2014-09-26T11:40:44Z">
          <exception class="java.lang.AssertionError">
            <message>
              <![CDATA[Test failed because XPATH moght have changed. No other key words found to use]]>
            </message>
            <full-stacktrace>
              <![CDATA[java.lang.AssertionError: Test failed because XPATH moght have changed. No other key words found to use
	at org.testng.Assert.fail(Assert.java:94)
	at test.giftcards.f(giftcards.java:31)
	at sun.reflect.NativeMethodAccessorImpl.invoke0(Native Method)
	at sun.reflect.NativeMethodAccessorImpl.invoke(NativeMethodAccessorImpl.java:57)
	at sun.reflect.DelegatingMethodAccessorImpl.invoke(DelegatingMethodAccessorImpl.java:43)
	at java.lang.reflect.Method.invoke(Method.java:606)
	at org.testng.internal.MethodInvocationHelper.invokeMethod(MethodInvocationHelper.java:84)
	at org.testng.internal.Invoker.invokeMethod(Invoker.java:714)
	at org.testng.internal.Invoker.invokeTestMethod(Invoker.java:901)
	at org.testng.internal.Invoker.invokeTestMethods(Invoker.java:1231)
	at org.testng.internal.TestMethodWorker.invokeTestMethods(TestMethodWorker.java:127)
	at org.testng.internal.TestMethodWorker.run(TestMethodWorker.java:111)
	at org.testng.TestRunner.privateRun(TestRunner.java:767)
	at org.testng.TestRunner.run(TestRunner.java:617)
	at org.testng.SuiteRunner.runTest(SuiteRunner.java:334)
	at org.testng.SuiteRunner.runSequentially(SuiteRunner.java:329)
	at org.testng.SuiteRunner.privateRun(SuiteRunner.java:291)
	at org.testng.SuiteRunner.run(SuiteRunner.java:240)
	at org.testng.SuiteRunnerWorker.runSuite(SuiteRunnerWorker.java:52)
	at org.testng.SuiteRunnerWorker.run(SuiteRunnerWorker.java:86)
	at org.testng.TestNG.runSuitesSequentially(TestNG.java:1224)
	at org.testng.TestNG.runSuitesLocally(TestNG.java:1149)
	at org.testng.TestNG.run(TestNG.java:1057)
	at org.testng.TestNG.privateMain(TestNG.java:1364)
	at org.testng.TestNG.main(TestNG.java:1333)
]]>
            </full-stacktrace>
          </exception> <!-- java.lang.AssertionError -->
          <reporter-output>
          </reporter-output>
        </test-method> <!-- f -->
        <test-method status="PASS" signature="tear()[pri:0, instance:test.giftcards@edc33d]" name="tear" is-config="true" duration-ms="1536" started-at="2014-09-26T11:40:44Z" finished-at="2014-09-26T11:40:46Z">
          <reporter-output>
          </reporter-output>
        </test-method> <!-- tear -->
      </class> <!-- test.giftcards -->
    </test> <!-- tests1 -->
    <test name="tests3" duration-ms="9428" started-at="2014-09-26T06:10:46Z" finished-at="2014-09-26T06:10:55Z">
      <class name="test.NewTest">
        <test-method status="PASS" signature="f()[pri:0, instance:test.NewTest@14966cc]" name="f" duration-ms="6551" started-at="2014-09-26T11:40:46Z" finished-at="2014-09-26T11:40:52Z">
          <reporter-output>
          </reporter-output>
        </test-method> <!-- f -->
        <test-method status="PASS" signature="tear()[pri:0, instance:test.NewTest@14966cc]" name="tear" is-config="true" duration-ms="2876" started-at="2014-09-26T11:40:52Z" finished-at="2014-09-26T11:40:55Z">
          <reporter-output>
          </reporter-output>
        </test-method> <!-- tear -->
      </class> <!-- test.NewTest -->
    </test> <!-- tests3 -->
    <test name="tests4" duration-ms="11914" started-at="2014-09-26T06:10:55Z" finished-at="2014-09-26T06:11:07Z">
      <class name="test.signuppage">
        <test-method status="PASS" signature="f()[pri:0, instance:test.signuppage@ae264f]" name="f" duration-ms="8915" started-at="2014-09-26T11:40:55Z" finished-at="2014-09-26T11:41:04Z">
          <reporter-output>
          </reporter-output>
        </test-method> <!-- f -->
        <test-method status="PASS" signature="tear()[pri:0, instance:test.signuppage@ae264f]" name="tear" is-config="true" duration-ms="2999" started-at="2014-09-26T11:41:04Z" finished-at="2014-09-26T11:41:07Z">
          <reporter-output>
          </reporter-output>
        </test-method> <!-- tear -->
      </class> <!-- test.signuppage -->
    </test> <!-- tests4 -->
    <test name="tests5" duration-ms="7900" started-at="2014-09-26T06:11:07Z" finished-at="2014-09-26T06:11:15Z">
      <class name="test.Slidingimages">
        <test-method status="PASS" signature="f()[pri:0, instance:test.Slidingimages@2f6aea]" name="f" duration-ms="7900" started-at="2014-09-26T11:41:07Z" finished-at="2014-09-26T11:41:15Z">
          <reporter-output>
          </reporter-output>
        </test-method> <!-- f -->
      </class> <!-- test.Slidingimages -->
    </test> <!-- tests5 -->
    <test name="tests6" duration-ms="10344" started-at="2014-09-26T06:11:15Z" finished-at="2014-09-26T06:11:25Z">
      <class name="test.Stars">
        <test-method status="PASS" signature="init()[pri:0, instance:test.Stars@11d5d85]" name="init" is-config="true" duration-ms="9" started-at="2014-09-26T11:38:31Z" finished-at="2014-09-26T11:38:31Z">
          <reporter-output>
          </reporter-output>
        </test-method> <!-- init -->
        <test-method status="PASS" signature="f()[pri:0, instance:test.Stars@11d5d85]" name="f" duration-ms="10342" started-at="2014-09-26T11:41:15Z" finished-at="2014-09-26T11:41:25Z">
          <reporter-output>
          </reporter-output>
        </test-method> <!-- f -->
      </class> <!-- test.Stars -->
    </test> <!-- tests6 -->
  </suite> <!-- Suite1 -->
</testng-results>
